# JRE version: Java(TM) SE Runtime Environment (8.0_144-b01) (build 1.8.0_144-b01)
# Java VM: Java HotSpot(TM) 64-Bit Server VM (25.144-b01 mixed mode linux-amd64 compressed oops)
Heap:
 PSYoungGen      total 308736K, used 278358K [0x00000000eb600000, 0x00000000fee80000, 0x0000000100000000)
  eden space 299520K, 90% used [0x00000000eb600000,0x00000000fbdc6450,0x00000000fda80000)
  from space 9216K, 89% used [0x00000000fe580000,0x00000000fed8f3c8,0x00000000fee80000)
  to   space 10240K, 0% used [0x00000000fda80000,0x00000000fda80000,0x00000000fe480000)
 ParOldGen       total 29696K, used 12545K [0x00000000c2200000, 0x00000000c3f00000, 0x00000000eb600000)
  object space 29696K, 42% used [0x00000000c2200000,0x00000000c2e40570,0x00000000c3f00000)
 Metaspace       used 32216K, capacity 32688K, committed 33152K, reserved 1079296K
  class space    used 3990K, capacity 4117K, committed 4224K, reserved 1048576K
GC Heap History (10 events):
Event: 7.870 GC heap before
{Heap before GC invocations=9 (full 0):
 PSYoungGen      total 132096K, used 10680K [0x00000000eb600000, 0x00000000f4300000, 0x0000000100000000)
  eden space 122880K, 2% used [0x00000000eb600000,0x00000000eb8b4390,0x00000000f2e00000)
  from space 9216K, 85% used [0x00000000f3800000,0x00000000f3fb9f18,0x00000000f4100000)
  to   space 10240K, 0% used [0x00000000f2e00000,0x00000000f2e00000,0x00000000f3800000)
 ParOldGen       total 42496K, used 7429K [0x00000000c2200000, 0x00000000c4b80000, 0x00000000eb600000)
  object space 42496K, 17% used [0x00000000c2200000,0x00000000c2941738,0x00000000c4b80000)
 Metaspace       used 20870K, capacity 21164K, committed 21296K, reserved 1069056K
  class space    used 2562K, capacity 2663K, committed 2688K, reserved 1048576K
Event: 7.893 GC heap after
Heap after GC invocations=9 (full 0):
 PSYoungGen      total 133120K, used 4467K [0x00000000eb600000, 0x00000000f8900000, 0x0000000100000000)
  eden space 122880K, 0% used [0x00000000eb600000,0x00000000eb600000,0x00000000f2e00000)
  from space 10240K, 43% used [0x00000000f2e00000,0x00000000f325cf20,0x00000000f3800000)
  to   space 9728K, 0% used [0x00000000f7f80000,0x00000000f7f80000,0x00000000f8900000)
 ParOldGen       total 42496K, used 9747K [0x00000000c2200000, 0x00000000c4b80000, 0x00000000eb600000)
  object space 42496K, 22% used [0x00000000c2200000,0x00000000c2b84d50,0x00000000c4b80000)
 Metaspace       used 20870K, capacity 21164K, committed 21296K, reserved 1069056K
  class space    used 2562K, capacity 2663K, committed 2688K, reserved 1048576K
}
Event: 7.893 GC heap before
{Heap before GC invocations=10 (full 1):
 PSYoungGen      total 133120K, used 4467K [0x00000000eb600000, 0x00000000f8900000, 0x0000000100000000)
  eden space 122880K, 0% used [0x00000000eb600000,0x00000000eb600000,0x00000000f2e00000)
  from space 10240K, 43% used [0x00000000f2e00000,0x00000000f325cf20,0x00000000f3800000)
  to   space 9728K, 0% used [0x00000000f7f80000,0x00000000f7f80000,0x00000000f8900000)
 ParOldGen       total 42496K, used 9747K [0x00000000c2200000, 0x00000000c4b80000, 0x00000000eb600000)
  object space 42496K, 22% used [0x00000000c2200000,0x00000000c2b84d50,0x00000000c4b80000)
 Metaspace       used 20870K, capacity 21164K, committed 21296K, reserved 1069056K
  class space    used 2562K, capacity 2663K, committed 2688K, reserved 1048576K
Event: 7.964 GC heap after
Heap after GC invocations=10 (full 1):
 PSYoungGen      total 133120K, used 0K [0x00000000eb600000, 0x00000000f8900000, 0x0000000100000000)
  eden space 122880K, 0% used [0x00000000eb600000,0x00000000eb600000,0x00000000f2e00000)
  from space 10240K, 0% used [0x00000000f2e00000,0x00000000f2e00000,0x00000000f3800000)
  to   space 9728K, 0% used [0x00000000f7f80000,0x00000000f7f80000,0x00000000f8900000)
 ParOldGen       total 29696K, used 8986K [0x00000000c2200000, 0x00000000c3f00000, 0x00000000eb600000)
  object space 29696K, 30% used [0x00000000c2200000,0x00000000c2ac6880,0x00000000c3f00000)
 Metaspace       used 20870K, capacity 21164K, committed 21296K, reserved 1069056K
  class space    used 2562K, capacity 2663K, committed 2688K, reserved 1048576K
}
Event: 9.989 GC heap before
{Heap before GC invocations=11 (full 1):
 PSYoungGen      total 133120K, used 122880K [0x00000000eb600000, 0x00000000f8900000, 0x0000000100000000)
  eden space 122880K, 100% used [0x00000000eb600000,0x00000000f2e00000,0x00000000f2e00000)
  from space 10240K, 0% used [0x00000000f2e00000,0x00000000f2e00000,0x00000000f3800000)
  to   space 9728K, 0% used [0x00000000f7f80000,0x00000000f7f80000,0x00000000f8900000)
 ParOldGen       total 29696K, used 8986K [0x00000000c2200000, 0x00000000c3f00000, 0x00000000eb600000)
  object space 29696K, 30% used [0x00000000c2200000,0x00000000c2ac6880,0x00000000c3f00000)
 Metaspace       used 22703K, capacity 23036K, committed 23344K, reserved 1069056K
  class space    used 2818K, capacity 2923K, committed 2944K, reserved 1048576K
Event: 10.004 GC heap after
Heap after GC invocations=11 (full 1):
 PSYoungGen      total 198144K, used 3904K [0x00000000eb600000, 0x00000000f8480000, 0x0000000100000000)
  eden space 193024K, 0% used [0x00000000eb600000,0x00000000eb600000,0x00000000f7280000)
  from space 5120K, 76% used [0x00000000f7f80000,0x00000000f8350368,0x00000000f8480000)
  to   space 9216K, 0% used [0x00000000f7280000,0x00000000f7280000,0x00000000f7b80000)
 ParOldGen       total 29696K, used 8994K [0x00000000c2200000, 0x00000000c3f00000, 0x00000000eb600000)
  object space 29696K, 30% used [0x00000000c2200000,0x00000000c2ac8880,0x00000000c3f00000)
 Metaspace       used 22703K, capacity 23036K, committed 23344K, reserved 1069056K
  class space    used 2818K, capacity 2923K, committed 2944K, reserved 1048576K
}
Event: 11.258 GC heap before
{Heap before GC invocations=12 (full 1):
 PSYoungGen      total 198144K, used 196928K [0x00000000eb600000, 0x00000000f8480000, 0x0000000100000000)
  eden space 193024K, 100% used [0x00000000eb600000,0x00000000f7280000,0x00000000f7280000)
  from space 5120K, 76% used [0x00000000f7f80000,0x00000000f8350368,0x00000000f8480000)
  to   space 9216K, 0% used [0x00000000f7280000,0x00000000f7280000,0x00000000f7b80000)
 ParOldGen       total 29696K, used 8994K [0x00000000c2200000, 0x00000000c3f00000, 0x00000000eb600000)
  object space 29696K, 30% used [0x00000000c2200000,0x00000000c2ac8880,0x00000000c3f00000)
 Metaspace       used 23553K, capacity 23884K, committed 24064K, reserved 1071104K
  class space    used 2918K, capacity 3027K, committed 3072K, reserved 1048576K
Event: 11.286 GC heap after
Heap after GC invocations=12 (full 1):
 PSYoungGen      total 202240K, used 2735K [0x00000000eb600000, 0x00000000fee80000, 0x0000000100000000)
  eden space 193024K, 0% used [0x00000000eb600000,0x00000000eb600000,0x00000000f7280000)
  from space 9216K, 29% used [0x00000000f7280000,0x00000000f752be90,0x00000000f7b80000)
  to   space 9216K, 0% used [0x00000000fe580000,0x00000000fe580000,0x00000000fee80000)
 ParOldGen       total 29696K, used 11210K [0x00000000c2200000, 0x00000000c3f00000, 0x00000000eb600000)
  object space 29696K, 37% used [0x00000000c2200000,0x00000000c2cf2880,0x00000000c3f00000)
 Metaspace       used 23553K, capacity 23884K, committed 24064K, reserved 1071104K
  class space    used 2918K, capacity 3027K, committed 3072K, reserved 1048576K
}
Event: 16.005 GC heap before
{Heap before GC invocations=13 (full 1):
 PSYoungGen      total 202240K, used 195759K [0x00000000eb600000, 0x00000000fee80000, 0x0000000100000000)
  eden space 193024K, 100% used [0x00000000eb600000,0x00000000f7280000,0x00000000f7280000)
  from space 9216K, 29% used [0x00000000f7280000,0x00000000f752be90,0x00000000f7b80000)
  to   space 9216K, 0% used [0x00000000fe580000,0x00000000fe580000,0x00000000fee80000)
 ParOldGen       total 29696K, used 11210K [0x00000000c2200000, 0x00000000c3f00000, 0x00000000eb600000)
  object space 29696K, 37% used [0x00000000c2200000,0x00000000c2cf2880,0x00000000c3f00000)
 Metaspace       used 28915K, capacity 29242K, committed 29568K, reserved 1075200K
  class space    used 3552K, capacity 3648K, committed 3712K, reserved 1048576K
Event: 16.057 GC heap after
Heap after GC invocations=13 (full 1):
 PSYoungGen      total 308736K, used 8252K [0x00000000eb600000, 0x00000000fee80000, 0x0000000100000000)
  eden space 299520K, 0% used [0x00000000eb600000,0x00000000eb600000,0x00000000fda80000)
  from space 9216K, 89% used [0x00000000fe580000,0x00000000fed8f3c8,0x00000000fee80000)
  to   space 10240K, 0% used [0x00000000fda80000,0x00000000fda80000,0x00000000fe480000)
 ParOldGen       total 29696K, used 12545K [0x00000000c2200000, 0x00000000c3f00000, 0x00000000eb600000)
  object space 29696K, 42% used [0x00000000c2200000,0x00000000c2e40570,0x00000000c3f00000)
 Metaspace       used 28915K, capacity 29242K, committed 29568K, reserved 1075200K
  class space    used 3552K, capacity 3648K, committed 3712K, reserved 1048576K
}

